<?xml version="1.0" encoding="UTF-8"?>
<testng-results skipped="0" failed="0" ignored="0" total="1" passed="1">
  <reporter-output>
  </reporter-output>
  <suite name="Default suite" duration-ms="1753" started-at="2020-05-14T09:52:37Z" finished-at="2020-05-14T09:52:38Z">
    <groups>
    </groups>
    <test name="Default test" duration-ms="1753" started-at="2020-05-14T09:52:37Z" finished-at="2020-05-14T09:52:38Z">
      <class name="com.amandeep.api.LibraryAPIFromStaticJson">
        <test-method status="PASS" signature="addBook()[pri:0, instance:com.amandeep.api.LibraryAPIFromStaticJson@7ff95560]" name="addBook" duration-ms="1735" started-at="2020-05-14T09:52:37Z" finished-at="2020-05-14T09:52:38Z">
          <reporter-output>
          </reporter-output>
        </test-method> <!-- addBook -->
      </class> <!-- com.amandeep.api.LibraryAPIFromStaticJson -->
    </test> <!-- Default test -->
  </suite> <!-- Default suite -->
</testng-results>
