<?xml version="1.0" encoding="UTF-8"?>
<!-- Generated by org.testng.reporters.JUnitXMLReporter -->
<testsuite ignored="0" hostname="ICEN034" failures="0" tests="1" name="Test" time="3.159" errors="0" timestamp="29 Sep 2020 04:57:29 GMT">
  <testcase classname="com.amandeep.pages.BaseClass" name="@BeforeClass setUp" time="3.108">
    <failure type="org.openqa.selenium.SessionNotCreatedException" message="session not created: This version of ChromeDriver only supports Chrome version 80
Build info: version: &amp;apos;3.14.0&amp;apos;, revision: &amp;apos;aacccce0&amp;apos;, time: &amp;apos;2018-08-02T20:19:58.91Z&amp;apos;
System info: host: &amp;apos;ICEN034&amp;apos;, ip: &amp;apos;192.168.0.104&amp;apos;, os.name: &amp;apos;Windows 10&amp;apos;, os.arch: &amp;apos;amd64&amp;apos;, os.version: &amp;apos;10.0&amp;apos;, java.version: &amp;apos;14.0.2&amp;apos;
Driver info: driver.version: ChromeDriver
remote stacktrace: Backtrace:
	Ordinal0 [0x00370C83+1707139]
	Ordinal0 [0x002D68F1+1075441]
	Ordinal0 [0x0024DFC9+516041]
	Ordinal0 [0x001E0554+66900]
	Ordinal0 [0x001DCCE2+52450]
	Ordinal0 [0x001FBFD7+180183]
	Ordinal0 [0x001FBDDD+179677]
	Ordinal0 [0x001F9D4B+171339]
	Ordinal0 [0x001E1D4A+73034]
	Ordinal0 [0x001E2DC0+77248]
	Ordinal0 [0x001E2D59+77145]
	Ordinal0 [0x002EBB67+1162087]
	GetHandleVerifier [0x0040A966+508998]
	GetHandleVerifier [0x0040A6A4+508292]
	GetHandleVerifier [0x0041F7B7+594583]
	GetHandleVerifier [0x0040B1D6+511158]
	Ordinal0 [0x002E402C+1130540]
	Ordinal0 [0x002ED4CB+1168587]
	Ordinal0 [0x002ED633+1168947]
	Ordinal0 [0x00305B35+1268533]
	BaseThreadInitThunk [0x76D86359+25]
	RtlGetAppContainerNamedObjectPath [0x76EE7C24+228]
	RtlGetAppContainerNamedObjectPath [0x76EE7BF4+180]
">
      <![CDATA[org.openqa.selenium.SessionNotCreatedException: session not created: This version of ChromeDriver only supports Chrome version 80
Build info: version: '3.14.0', revision: 'aacccce0', time: '2018-08-02T20:19:58.91Z'
System info: host: 'ICEN034', ip: '192.168.0.104', os.name: 'Windows 10', os.arch: 'amd64', os.version: '10.0', java.version: '14.0.2'
Driver info: driver.version: ChromeDriver
remote stacktrace: Backtrace:
Ordinal0 [0x00370C83+1707139]
Ordinal0 [0x002D68F1+1075441]
Ordinal0 [0x0024DFC9+516041]
Ordinal0 [0x001E0554+66900]
Ordinal0 [0x001DCCE2+52450]
Ordinal0 [0x001FBFD7+180183]
Ordinal0 [0x001FBDDD+179677]
Ordinal0 [0x001F9D4B+171339]
Ordinal0 [0x001E1D4A+73034]
Ordinal0 [0x001E2DC0+77248]
Ordinal0 [0x001E2D59+77145]
Ordinal0 [0x002EBB67+1162087]
GetHandleVerifier [0x0040A966+508998]
GetHandleVerifier [0x0040A6A4+508292]
GetHandleVerifier [0x0041F7B7+594583]
GetHandleVerifier [0x0040B1D6+511158]
Ordinal0 [0x002E402C+1130540]
Ordinal0 [0x002ED4CB+1168587]
Ordinal0 [0x002ED633+1168947]
Ordinal0 [0x00305B35+1268533]
BaseThreadInitThunk [0x76D86359+25]
RtlGetAppContainerNamedObjectPath [0x76EE7C24+228]
RtlGetAppContainerNamedObjectPath [0x76EE7BF4+180]

at org.openqa.selenium.remote.W3CHandshakeResponse.lambda$new$0(W3CHandshakeResponse.java:57)
at org.openqa.selenium.remote.W3CHandshakeResponse.lambda$getResponseFunction$2(W3CHandshakeResponse.java:104)
at org.openqa.selenium.remote.ProtocolHandshake.lambda$createSession$0(ProtocolHandshake.java:122)
at java.base/java.util.stream.ReferencePipeline$3$1.accept(ReferencePipeline.java:195)
at java.base/java.util.Spliterators$ArraySpliterator.tryAdvance(Spliterators.java:958)
at java.base/java.util.stream.ReferencePipeline.forEachWithCancel(ReferencePipeline.java:127)
at java.base/java.util.stream.AbstractPipeline.copyIntoWithCancel(AbstractPipeline.java:502)
at java.base/java.util.stream.AbstractPipeline.copyInto(AbstractPipeline.java:488)
at java.base/java.util.stream.AbstractPipeline.wrapAndCopyInto(AbstractPipeline.java:474)
at java.base/java.util.stream.FindOps$FindOp.evaluateSequential(FindOps.java:150)
at java.base/java.util.stream.AbstractPipeline.evaluate(AbstractPipeline.java:234)
at java.base/java.util.stream.ReferencePipeline.findFirst(ReferencePipeline.java:543)
at org.openqa.selenium.remote.ProtocolHandshake.createSession(ProtocolHandshake.java:125)
at org.openqa.selenium.remote.ProtocolHandshake.createSession(ProtocolHandshake.java:73)
at org.openqa.selenium.remote.HttpCommandExecutor.execute(HttpCommandExecutor.java:136)
at org.openqa.selenium.remote.service.DriverCommandExecutor.execute(DriverCommandExecutor.java:83)
at org.openqa.selenium.remote.RemoteWebDriver.execute(RemoteWebDriver.java:548)
at org.openqa.selenium.remote.RemoteWebDriver.startSession(RemoteWebDriver.java:212)
at org.openqa.selenium.remote.RemoteWebDriver.<init>(RemoteWebDriver.java:130)
at org.openqa.selenium.chrome.ChromeDriver.<init>(ChromeDriver.java:181)
at org.openqa.selenium.chrome.ChromeDriver.<init>(ChromeDriver.java:168)
at org.openqa.selenium.chrome.ChromeDriver.<init>(ChromeDriver.java:123)
at com.amandeep.utilities.BrowserFactory.startApplication(BrowserFactory.java:16)
at com.amandeep.pages.BaseClass.setUp(BaseClass.java:41)
... Removed 31 stack frames]]>
    </failure>
  </testcase> <!-- @BeforeClass setUp -->
  <testcase classname="com.amandeep.pages.BaseClass" name="@AfterMethod tearDownAfterMethod" time="0.0">
    <skipped/>
  </testcase> <!-- @AfterMethod tearDownAfterMethod -->
  <testcase classname="com.amandeep.pages.BaseClass" name="@AfterClass tearDown" time="0.0">
    <skipped/>
  </testcase> <!-- @AfterClass tearDown -->
  <testcase classname="com.amandeep.testcases.LoginTestCRM" name="loginApp" time="0.0">
    <skipped/>
  </testcase> <!-- loginApp -->
</testsuite> <!-- Test -->
